<?xml version="1.0" encoding="UTF-8"?>
<testng-results skipped="4" failed="0" total="4" passed="0">
  <reporter-output>
  </reporter-output>
  <suite name="Default suite" duration-ms="87" started-at="2017-08-31T11:07:44Z" finished-at="2017-08-31T11:07:44Z">
    <groups>
    </groups>
    <test name="Default test" duration-ms="87" started-at="2017-08-31T11:07:44Z" finished-at="2017-08-31T11:07:44Z">
      <class name="ch.cern.poc.oauth2.test.AuthTest">
        <test-method status="FAIL" signature="arquillianBeforeSuite()[pri:0, instance:ch.cern.poc.oauth2.test.AuthTest@6ff501f6]" name="arquillianBeforeSuite" is-config="true" duration-ms="0" started-at="2017-08-31T11:07:43Z" finished-at="2017-08-31T11:07:43Z">
          <exception class="java.lang.IllegalArgumentException">
            <message>
              <![CDATA[The property glassFishHome must be specified or the GLASSFISH_HOME environment variable must be set]]>
            </message>
            <full-stacktrace>
              <![CDATA[java.lang.IllegalArgumentException: The property glassFishHome must be specified or the GLASSFISH_HOME environment variable must be set
	at org.jboss.arquillian.container.spi.client.deployment.Validate.notNull(Validate.java:94)
	at org.jboss.arquillian.container.glassfish.managed_3_1.GlassFishManagedContainerConfiguration.validate(GlassFishManagedContainerConfiguration.java:114)
	at org.jboss.arquillian.container.impl.ContainerImpl.createDeployableConfiguration(ContainerImpl.java:115)
	at org.jboss.arquillian.container.impl.ContainerImpl.setup(ContainerImpl.java:181)
	at org.jboss.arquillian.container.impl.client.container.ContainerLifecycleController$7.perform(ContainerLifecycleController.java:149)
	at org.jboss.arquillian.container.impl.client.container.ContainerLifecycleController$7.perform(ContainerLifecycleController.java:145)
	at org.jboss.arquillian.container.impl.client.container.ContainerLifecycleController.forContainer(ContainerLifecycleController.java:255)
	at org.jboss.arquillian.container.impl.client.container.ContainerLifecycleController.setupContainer(ContainerLifecycleController.java:144)
	at sun.reflect.NativeMethodAccessorImpl.invoke0(Native Method)
	at sun.reflect.NativeMethodAccessorImpl.invoke(NativeMethodAccessorImpl.java:57)
	at sun.reflect.DelegatingMethodAccessorImpl.invoke(DelegatingMethodAccessorImpl.java:43)
	at java.lang.reflect.Method.invoke(Method.java:606)
	at org.jboss.arquillian.core.impl.ObserverImpl.invoke(ObserverImpl.java:94)
	at org.jboss.arquillian.core.impl.EventContextImpl.invokeObservers(EventContextImpl.java:99)
	at org.jboss.arquillian.core.impl.EventContextImpl.proceed(EventContextImpl.java:81)
	at org.jboss.arquillian.container.impl.client.ContainerDeploymentContextHandler.createContainerContext(ContainerDeploymentContextHandler.java:57)
	at sun.reflect.NativeMethodAccessorImpl.invoke0(Native Method)
	at sun.reflect.NativeMethodAccessorImpl.invoke(NativeMethodAccessorImpl.java:57)
	at sun.reflect.DelegatingMethodAccessorImpl.invoke(DelegatingMethodAccessorImpl.java:43)
	at java.lang.reflect.Method.invoke(Method.java:606)
	at org.jboss.arquillian.core.impl.ObserverImpl.invoke(ObserverImpl.java:94)
	at org.jboss.arquillian.core.impl.EventContextImpl.proceed(EventContextImpl.java:88)
	at org.jboss.arquillian.core.impl.ManagerImpl.fire(ManagerImpl.java:135)
	at org.jboss.arquillian.core.impl.ManagerImpl.fire(ManagerImpl.java:115)
	at org.jboss.arquillian.core.impl.EventImpl.fire(EventImpl.java:67)
	at org.jboss.arquillian.container.impl.client.container.ContainerLifecycleController$1.perform(ContainerLifecycleController.java:62)
	at org.jboss.arquillian.container.impl.client.container.ContainerLifecycleController$1.perform(ContainerLifecycleController.java:55)
	at org.jboss.arquillian.container.impl.client.container.ContainerLifecycleController.forEachContainer(ContainerLifecycleController.java:209)
	at org.jboss.arquillian.container.impl.client.container.ContainerLifecycleController.setupContainers(ContainerLifecycleController.java:54)
	at sun.reflect.NativeMethodAccessorImpl.invoke0(Native Method)
	at sun.reflect.NativeMethodAccessorImpl.invoke(NativeMethodAccessorImpl.java:57)
	at sun.reflect.DelegatingMethodAccessorImpl.invoke(DelegatingMethodAccessorImpl.java:43)
	at java.lang.reflect.Method.invoke(Method.java:606)
	at org.jboss.arquillian.core.impl.ObserverImpl.invoke(ObserverImpl.java:94)
	at org.jboss.arquillian.core.impl.EventContextImpl.invokeObservers(EventContextImpl.java:99)
	at org.jboss.arquillian.core.impl.EventContextImpl.proceed(EventContextImpl.java:81)
	at org.jboss.arquillian.core.impl.ManagerImpl.fire(ManagerImpl.java:135)
	at org.jboss.arquillian.core.impl.ManagerImpl.fire(ManagerImpl.java:115)
	at org.jboss.arquillian.core.impl.EventImpl.fire(EventImpl.java:67)
	at org.jboss.arquillian.container.test.impl.client.ContainerEventController.execute(ContainerEventController.java:85)
	at sun.reflect.NativeMethodAccessorImpl.invoke0(Native Method)
	at sun.reflect.NativeMethodAccessorImpl.invoke(NativeMethodAccessorImpl.java:57)
	at sun.reflect.DelegatingMethodAccessorImpl.invoke(DelegatingMethodAccessorImpl.java:43)
	at java.lang.reflect.Method.invoke(Method.java:606)
	at org.jboss.arquillian.core.impl.ObserverImpl.invoke(ObserverImpl.java:94)
	at org.jboss.arquillian.core.impl.EventContextImpl.invokeObservers(EventContextImpl.java:99)
	at org.jboss.arquillian.core.impl.EventContextImpl.proceed(EventContextImpl.java:81)
	at org.jboss.arquillian.test.impl.TestContextHandler.createSuiteContext(TestContextHandler.java:60)
	at sun.reflect.NativeMethodAccessorImpl.invoke0(Native Method)
	at sun.reflect.NativeMethodAccessorImpl.invoke(NativeMethodAccessorImpl.java:57)
	at sun.reflect.DelegatingMethodAccessorImpl.invoke(DelegatingMethodAccessorImpl.java:43)
	at java.lang.reflect.Method.invoke(Method.java:606)
	at org.jboss.arquillian.core.impl.ObserverImpl.invoke(ObserverImpl.java:94)
	at org.jboss.arquillian.core.impl.EventContextImpl.proceed(EventContextImpl.java:88)
	at org.jboss.arquillian.core.impl.ManagerImpl.fire(ManagerImpl.java:135)
	at org.jboss.arquillian.core.impl.ManagerImpl.fire(ManagerImpl.java:115)
	at org.jboss.arquillian.test.impl.EventTestRunnerAdaptor.beforeSuite(EventTestRunnerAdaptor.java:68)
	at org.jboss.arquillian.testng.Arquillian.arquillianBeforeSuite(Arquillian.java:65)
	at sun.reflect.NativeMethodAccessorImpl.invoke0(Native Method)
	at sun.reflect.NativeMethodAccessorImpl.invoke(NativeMethodAccessorImpl.java:57)
	at sun.reflect.DelegatingMethodAccessorImpl.invoke(DelegatingMethodAccessorImpl.java:43)
	at java.lang.reflect.Method.invoke(Method.java:606)
	at org.testng.internal.MethodInvocationHelper.invokeMethod(MethodInvocationHelper.java:80)
	at org.testng.internal.Invoker.invokeConfigurationMethod(Invoker.java:551)
	at org.testng.internal.Invoker.invokeConfigurations(Invoker.java:213)
	at org.testng.internal.Invoker.invokeConfigurations(Invoker.java:138)
	at org.testng.SuiteRunner.privateRun(SuiteRunner.java:277)
	at org.testng.SuiteRunner.run(SuiteRunner.java:240)
	at org.testng.SuiteRunnerWorker.runSuite(SuiteRunnerWorker.java:53)
	at org.testng.SuiteRunnerWorker.run(SuiteRunnerWorker.java:87)
	at org.testng.TestNG.runSuitesSequentially(TestNG.java:1188)
	at org.testng.TestNG.runSuitesLocally(TestNG.java:1113)
	at org.testng.TestNG.run(TestNG.java:1025)
	at org.testng.remote.AbstractRemoteTestNG.run(AbstractRemoteTestNG.java:132)
	at org.testng.remote.RemoteTestNG.initAndRun(RemoteTestNG.java:230)
	at org.testng.remote.RemoteTestNG.main(RemoteTestNG.java:76)
]]>
            </full-stacktrace>
          </exception> <!-- java.lang.IllegalArgumentException -->
        </test-method> <!-- arquillianBeforeSuite -->
        <test-method status="SKIP" signature="arquillianBeforeClass()[pri:0, instance:ch.cern.poc.oauth2.test.AuthTest@6ff501f6]" name="arquillianBeforeClass" is-config="true" duration-ms="0" started-at="2017-08-31T11:07:44Z" finished-at="2017-08-31T11:07:44Z">
        </test-method> <!-- arquillianBeforeClass -->
        <test-method status="SKIP" signature="arquillianBeforeTest(java.lang.reflect.Method)[pri:0, instance:ch.cern.poc.oauth2.test.AuthTest@6ff501f6]" name="arquillianBeforeTest" is-config="true" duration-ms="0" started-at="2017-08-31T11:07:44Z" finished-at="2017-08-31T11:07:44Z">
        </test-method> <!-- arquillianBeforeTest -->
        <test-method status="SKIP" signature="authCodeTokenRequest()[pri:0, instance:ch.cern.poc.oauth2.test.AuthTest@6ff501f6]" name="authCodeTokenRequest" duration-ms="11" started-at="2017-08-31T11:07:44Z" finished-at="2017-08-31T11:07:44Z">
        </test-method> <!-- authCodeTokenRequest -->
        <test-method status="PASS" signature="arquillianAfterTest(java.lang.reflect.Method)[pri:0, instance:ch.cern.poc.oauth2.test.AuthTest@6ff501f6]" name="arquillianAfterTest" is-config="true" duration-ms="1" started-at="2017-08-31T11:07:44Z" finished-at="2017-08-31T11:07:44Z">
          <params>
            <param index="0">
              <value>
                <![CDATA[public void ch.cern.poc.oauth2.test.AuthTest.authCodeTokenRequest() throws org.apache.oltu.oauth2.common.exception.OAuthSystemException]]>
              </value>
            </param>
          </params>
        </test-method> <!-- arquillianAfterTest -->
        <test-method status="SKIP" signature="arquillianBeforeTest(java.lang.reflect.Method)[pri:0, instance:ch.cern.poc.oauth2.test.AuthTest@6ff501f6]" name="arquillianBeforeTest" is-config="true" duration-ms="0" started-at="2017-08-31T11:07:44Z" finished-at="2017-08-31T11:07:44Z">
        </test-method> <!-- arquillianBeforeTest -->
        <test-method status="SKIP" signature="authorizationRequest()[pri:0, instance:ch.cern.poc.oauth2.test.AuthTest@6ff501f6]" name="authorizationRequest" duration-ms="6" started-at="2017-08-31T11:07:44Z" finished-at="2017-08-31T11:07:44Z">
        </test-method> <!-- authorizationRequest -->
        <test-method status="PASS" signature="arquillianAfterTest(java.lang.reflect.Method)[pri:0, instance:ch.cern.poc.oauth2.test.AuthTest@6ff501f6]" name="arquillianAfterTest" is-config="true" duration-ms="0" started-at="2017-08-31T11:07:44Z" finished-at="2017-08-31T11:07:44Z">
          <params>
            <param index="0">
              <value>
                <![CDATA[public void ch.cern.poc.oauth2.test.AuthTest.authorizationRequest()]]>
              </value>
            </param>
          </params>
        </test-method> <!-- arquillianAfterTest -->
        <test-method status="SKIP" signature="arquillianBeforeTest(java.lang.reflect.Method)[pri:0, instance:ch.cern.poc.oauth2.test.AuthTest@6ff501f6]" name="arquillianBeforeTest" is-config="true" duration-ms="0" started-at="2017-08-31T11:07:44Z" finished-at="2017-08-31T11:07:44Z">
        </test-method> <!-- arquillianBeforeTest -->
        <test-method status="SKIP" signature="directTokenRequest()[pri:0, instance:ch.cern.poc.oauth2.test.AuthTest@6ff501f6]" name="directTokenRequest" duration-ms="3" started-at="2017-08-31T11:07:44Z" finished-at="2017-08-31T11:07:44Z">
        </test-method> <!-- directTokenRequest -->
        <test-method status="PASS" signature="arquillianAfterTest(java.lang.reflect.Method)[pri:0, instance:ch.cern.poc.oauth2.test.AuthTest@6ff501f6]" name="arquillianAfterTest" is-config="true" duration-ms="0" started-at="2017-08-31T11:07:44Z" finished-at="2017-08-31T11:07:44Z">
          <params>
            <param index="0">
              <value>
                <![CDATA[public void ch.cern.poc.oauth2.test.AuthTest.directTokenRequest()]]>
              </value>
            </param>
          </params>
        </test-method> <!-- arquillianAfterTest -->
        <test-method status="SKIP" signature="arquillianBeforeTest(java.lang.reflect.Method)[pri:0, instance:ch.cern.poc.oauth2.test.AuthTest@6ff501f6]" name="arquillianBeforeTest" is-config="true" duration-ms="0" started-at="2017-08-31T11:07:44Z" finished-at="2017-08-31T11:07:44Z">
        </test-method> <!-- arquillianBeforeTest -->
        <test-method status="SKIP" signature="endToEndWithAuthCode()[pri:0, instance:ch.cern.poc.oauth2.test.AuthTest@6ff501f6]" name="endToEndWithAuthCode" duration-ms="3" started-at="2017-08-31T11:07:44Z" finished-at="2017-08-31T11:07:44Z">
        </test-method> <!-- endToEndWithAuthCode -->
        <test-method status="PASS" signature="arquillianAfterTest(java.lang.reflect.Method)[pri:0, instance:ch.cern.poc.oauth2.test.AuthTest@6ff501f6]" name="arquillianAfterTest" is-config="true" duration-ms="1" started-at="2017-08-31T11:07:44Z" finished-at="2017-08-31T11:07:44Z">
          <params>
            <param index="0">
              <value>
                <![CDATA[public void ch.cern.poc.oauth2.test.AuthTest.endToEndWithAuthCode()]]>
              </value>
            </param>
          </params>
        </test-method> <!-- arquillianAfterTest -->
        <test-method status="PASS" signature="arquillianAfterClass()[pri:0, instance:ch.cern.poc.oauth2.test.AuthTest@6ff501f6]" name="arquillianAfterClass" is-config="true" duration-ms="0" started-at="2017-08-31T11:07:44Z" finished-at="2017-08-31T11:07:44Z">
        </test-method> <!-- arquillianAfterClass -->
        <test-method status="PASS" signature="arquillianAfterSuite()[pri:0, instance:ch.cern.poc.oauth2.test.AuthTest@6ff501f6]" name="arquillianAfterSuite" is-config="true" duration-ms="0" started-at="2017-08-31T11:07:49Z" finished-at="2017-08-31T11:07:49Z">
        </test-method> <!-- arquillianAfterSuite -->
      </class> <!-- ch.cern.poc.oauth2.test.AuthTest -->
    </test> <!-- Default test -->
  </suite> <!-- Default suite -->
</testng-results>
